<?xml version="1.0" encoding="UTF-8"?>
<!-- Generated by org.testng.reporters.JUnitReportReporter -->
<testsuite hostname="DESKTOP-C9LVO4O" failures="0" tests="1" name="testscripts.LoginTest" time="13.213" errors="0" timestamp="2024-05-30T15:01:22 IST" skipped="0">
  <testcase classname="testscripts.LoginTest" name="verifyUserIsAbleToLoginUsingValidCredentials" time="13.213"/>
  <system-out/>
</testsuite> <!-- testscripts.LoginTest -->
