<?xml version="1.0" encoding="UTF-8"?>
<!-- Generated by org.testng.reporters.JUnitReportReporter -->
<testsuite hostname="DESKTOP-C9LVO4O" failures="0" tests="2" name="testscripts.ManageContentTest" time="46.049" errors="0" timestamp="2024-05-30T14:29:38 IST" skipped="0">
  <testcase classname="testscripts.ManageContentTest" name="manageContent" time="16.460"/>
  <system-out/>
  <testcase classname="testscripts.ManageContentTest" name="initializeMethod" time="29.589"/>
  <system-out/>
</testsuite> <!-- testscripts.ManageContentTest -->
