<?xml version="1.0" encoding="UTF-8"?>
<!-- Generated by org.testng.reporters.JUnitReportReporter -->
<testsuite hostname="DESKTOP-C9LVO4O" failures="0" tests="2" name="testscripts.ManageContentTest" time="67.311" errors="0" timestamp="2024-05-28T15:15:07 IST" skipped="0">
  <testcase classname="testscripts.ManageContentTest" name="initializeMethod" time="12.707"/>
  <system-out/>
  <testcase classname="testscripts.ManageContentTest" name="manageContent" time="54.604"/>
  <system-out/>
</testsuite> <!-- testscripts.ManageContentTest -->
