<?xml version="1.0" encoding="UTF-8"?>
<!-- Generated by org.testng.reporters.JUnitReportReporter -->
<testsuite hostname="DESKTOP-C9LVO4O" failures="0" tests="1" name="testscripts.ManageSliderTest" time="9.108" errors="0" timestamp="2024-05-21T13:34:52 IST" skipped="0">
  <testcase classname="testscripts.ManageSliderTest" name="manageSlider" time="9.108"/>
  <system-out/>
</testsuite> <!-- testscripts.ManageSliderTest -->
