<?xml version="1.0" encoding="UTF-8"?>
<!-- Generated by org.testng.reporters.JUnitReportReporter -->
<testsuite hostname="DESKTOP-C9LVO4O" failures="0" tests="1" name="testscripts.NewTestSample" time="0.006" errors="0" timestamp="2024-05-21T19:30:53 IST" skipped="0">
  <testcase classname="testscripts.NewTestSample" name="second" time="0.006"/>
  <system-out/>
</testsuite> <!-- testscripts.NewTestSample -->
