<?xml version="1.0" encoding="UTF-8"?>
<!-- Generated by org.testng.reporters.JUnitReportReporter -->
<testsuite hostname="DESKTOP-C9LVO4O" failures="0" tests="5" name="testscripts.LoginTest" time="132.681" errors="0" timestamp="2024-05-28T15:15:07 IST" skipped="0">
  <testcase classname="testscripts.LoginTest" name="verifyUserIsAbleToLoginUsingInValidUsernameAndInvalidPassword" time="82.677"/>
  <system-out/>
  <testcase classname="testscripts.LoginTest" name="verifyUserIsAbleToLoginUsingValidUsernameAndInvalidPassword" time="13.630"/>
  <system-out/>
  <testcase classname="testscripts.LoginTest" name="initializeMethod" time="18.626"/>
  <system-out/>
  <testcase classname="testscripts.LoginTest" name="verifyUserIsAbleToLoginUsingInValidUsernameAndValidPassword" time="7.163"/>
  <system-out/>
  <testcase classname="testscripts.LoginTest" name="verifyUserIsAbleToLoginUsingValidCredentials" time="10.585"/>
  <system-out/>
</testsuite> <!-- testscripts.LoginTest -->
