<?xml version="1.0" encoding="UTF-8"?>
<!-- Generated by org.testng.reporters.JUnitReportReporter -->
<testsuite hostname="DESKTOP-C9LVO4O" failures="0" tests="2" name="testscripts.NewTestPara" time="17.963" errors="0" timestamp="2024-05-21T19:26:05 IST" skipped="0">
  <testcase classname="testscripts.NewTestPara" name="initializeMethod" time="6.181"/>
  <system-out/>
  <testcase classname="testscripts.NewTestPara" name="verifyUserIsAbleToLoginUsingValidCredentials" time="11.782"/>
  <system-out/>
</testsuite> <!-- testscripts.NewTestPara -->
